2025-01-19 15:52:28,328 : INFO : root : Loading config.
2025-01-19 15:52:28,392 : INFO : ConfigProcessor : Config spec file cache created: /var/folders/z_/q155pg756qs6yb0hxs63v5400000gn/T/config_spec.mpf_cache
2025-01-19 15:52:28,392 : INFO : YamlMultifileConfigLoader : Machine config file #1: config.yaml
2025-01-19 15:52:28,393 : INFO : ConfigProcessor : Loading config from file /Users/adrianfittolani/mpfenv/lib/python3.12/site-packages/mpf/mpfconfig.yaml.
2025-01-19 15:52:28,406 : INFO : ConfigProcessor : Loading config: /Users/adrianfittolani/mpfenv/lib/python3.12/site-packages/mpf/mpfconfig.yaml
2025-01-19 15:52:28,406 : INFO : ConfigProcessor : Loading config from file /Users/adrianfittolani/Dropbox/Dev/rbpinball/config/config.yaml.
2025-01-19 15:52:28,407 : INFO : ConfigProcessor : Loading config: /Users/adrianfittolani/Dropbox/Dev/rbpinball/config/config.yaml
2025-01-19 15:52:28,409 : INFO : ConfigProcessor : Config file cache created: /var/folders/z_/q155pg756qs6yb0hxs63v5400000gn/T/1ba8ff04a41244f563191f852c213507.mpf_cache
2025-01-19 15:52:28,511 : INFO : ConfigProcessor : Loading config from file /Users/adrianfittolani/mpfenv/lib/python3.12/site-packages/mpf/modes/attract/config/attract.yaml.
2025-01-19 15:52:28,512 : INFO : ConfigProcessor : Loading config: /Users/adrianfittolani/mpfenv/lib/python3.12/site-packages/mpf/modes/attract/config/attract.yaml
2025-01-19 15:52:28,512 : INFO : ConfigProcessor : Loading config from file /Users/adrianfittolani/Dropbox/Dev/rbpinball/modes/attract/config/attract.yaml.
2025-01-19 15:52:28,513 : INFO : ConfigProcessor : Loading config: /Users/adrianfittolani/Dropbox/Dev/rbpinball/modes/attract/config/attract.yaml
2025-01-19 15:52:28,513 : INFO : ConfigProcessor : Config file cache created: /var/folders/z_/q155pg756qs6yb0hxs63v5400000gn/T/7e4fd7ff30a1cbc42b086106673954ba.mpf_cache
2025-01-19 15:52:28,514 : INFO : ConfigProcessor : Loading config from file /Users/adrianfittolani/mpfenv/lib/python3.12/site-packages/mpf/modes/game/config/game.yaml.
2025-01-19 15:52:28,515 : INFO : ConfigProcessor : Loading config: /Users/adrianfittolani/mpfenv/lib/python3.12/site-packages/mpf/modes/game/config/game.yaml
2025-01-19 15:52:28,516 : INFO : ConfigProcessor : Config file cache created: /var/folders/z_/q155pg756qs6yb0hxs63v5400000gn/T/3840e11b9d4668a327f75428a91fac3b.mpf_cache
2025-01-19 15:52:28,516 : INFO : ConfigProcessor : Loading config from cache: /var/folders/z_/q155pg756qs6yb0hxs63v5400000gn/T/7e4fd7ff30a1cbc42b086106673954ba.mpf_cache
2025-01-19 15:52:28,517 : INFO : ConfigProcessor : Loading config from file /Users/adrianfittolani/Dropbox/Dev/rbpinball/modes/base/config/base.yaml.
2025-01-19 15:52:28,518 : INFO : ConfigProcessor : Loading config: /Users/adrianfittolani/Dropbox/Dev/rbpinball/modes/base/config/base.yaml
2025-01-19 15:52:28,518 : INFO : ConfigProcessor : Config file cache created: /var/folders/z_/q155pg756qs6yb0hxs63v5400000gn/T/d121fa43155ea124eecb1d236b0ab5c3.mpf_cache
2025-01-19 15:52:28,519 : INFO : Machine : Mission Pinball Framework Core Engine v0.80.0.dev6
2025-01-19 15:52:28,519 : INFO : Machine : Command line arguments: {'no_load_cache': False, 'create_config_cache': True, 'bcp': False, 'configfile': ['config.yaml'], 'force_assets_load': False, 'platform_integration_test': False, 'jsonlogging': False, 'logfile': 'logs/2025-01-19-15-52-28-mpf-Adrians-MBP.log', 'pause': False, 'production': False, 'text_ui': False, 'loglevel': 15, 'consoleloglevel': 20, 'force_platform': 'virtual', 'syslog_address': None, 'full_logfile_path': '/Users/adrianfittolani/Dropbox/Dev/rbpinball/logs/2025-01-19-15-52-28-mpf-Adrians-MBP.log'}
2025-01-19 15:52:28,519 : INFO : Machine : MPF path: /Users/adrianfittolani/mpfenv/lib/python3.12/site-packages/mpf
2025-01-19 15:52:28,519 : INFO : Machine : Machine path: /Users/adrianfittolani/Dropbox/Dev/rbpinball
2025-01-19 15:52:28,519 : INFO : Machine : Platform: darwin
2025-01-19 15:52:28,519 : INFO : Machine : Python executable location: /Users/adrianfittolani/mpfenv/bin/python3.12
2025-01-19 15:52:28,519 : INFO : Machine : Python version: 3.12.8 (64-bit)
2025-01-19 15:52:28,522 : INFO : Machine : Initializing MPF...
2025-01-19 15:52:29,279 : INFO : EventManager : Event: ======'machine_var_credits_string'====== Args={'value': 'FREE PLAY', 'prev_value': None, 'change': True}
2025-01-19 15:52:29,296 : INFO : EventManager : Event: ======'machine_var_master_volume'====== Args={'value': 0.5, 'prev_value': None, 'change': True}
2025-01-19 15:52:29,296 : INFO : EventManager : Event: ======'machine_var_mpf_version'====== Args={'value': 'Mission Pinball Framework v0.80.0.dev6', 'prev_value': None, 'change': True}
2025-01-19 15:52:29,296 : INFO : EventManager : Event: ======'machine_var_mpf_extended_version'====== Args={'value': 'Mission Pinball Framework v0.80.0.dev6, Config version:6, Show version: 6, BCP version:1.1', 'prev_value': None, 'change': True}
2025-01-19 15:52:29,297 : INFO : EventManager : Event: ======'machine_var_python_version'====== Args={'value': '3.12.8', 'prev_value': None, 'change': True}
2025-01-19 15:52:29,326 : INFO : EventManager : Event: ======'machine_var_platform'====== Args={'value': 'macOS-15.2-x86_64-i386-64bit', 'prev_value': None, 'change': True}
2025-01-19 15:52:29,327 : INFO : EventManager : Event: ======'machine_var_platform_system'====== Args={'value': 'Darwin', 'prev_value': None, 'change': True}
2025-01-19 15:52:29,327 : INFO : EventManager : Event: ======'machine_var_platform_release'====== Args={'value': '24.2.0', 'prev_value': None, 'change': True}
2025-01-19 15:52:29,327 : INFO : EventManager : Event: ======'machine_var_platform_version'====== Args={'value': 'Darwin Kernel Version 24.2.0: Fri Dec  6 18:41:43 PST 2024; root:xnu-11215.61.5~2/RELEASE_X86_64', 'prev_value': None, 'change': True}
2025-01-19 15:52:29,327 : INFO : EventManager : Event: ======'machine_var_platform_machine'====== Args={'value': 'x86_64', 'prev_value': None, 'change': True}
2025-01-19 15:52:29,327 : INFO : EventManager : Event: ======'machine_var_log_file_path'====== Args={'value': '/Users/adrianfittolani/Dropbox/Dev/rbpinball/logs/2025-01-19-15-52-28-mpf-Adrians-MBP.log', 'prev_value': None, 'change': True}
2025-01-19 15:52:29,327 : INFO : EventManager : Event: ======'init_phase_1'====== Args={}
2025-01-19 15:52:29,341 : INFO : EventManager : Event: ======'init_phase_2'====== Args={}
2025-01-19 15:52:29,348 : INFO : EventManager : Event: ======'init_phase_3'====== Args={}
2025-01-19 15:52:29,349 : INFO : EventManager : Event: ======'init_phase_4'====== Args={}
2025-01-19 15:52:29,351 : INFO : EventManager : Event: ======'machine_var_audits_events_game_started'====== Args={'value': 0, 'prev_value': None, 'change': True}
2025-01-19 15:52:29,351 : INFO : EventManager : Event: ======'machine_var_audits_events_game_ended'====== Args={'value': 0, 'prev_value': None, 'change': True}
2025-01-19 15:52:29,351 : INFO : EventManager : Event: ======'machine_var_audits_player_score'====== Args={'value': {'top': [], 'average': 0, 'total': 0}, 'prev_value': None, 'change': True}
2025-01-19 15:52:29,352 : INFO : EventManager : Event: ======'init_phase_5'====== Args={}
2025-01-19 15:52:29,353 : INFO : EventManager : Event: ======'init_done'====== Args={}
2025-01-19 15:52:29,353 : INFO : EventManager : Event: ======'machine_reset_phase_1'====== Args={}
2025-01-19 15:52:29,353 : INFO : EventManager : Event: ======'machine_reset_phase_2'====== Args={}
2025-01-19 15:52:29,354 : INFO : EventManager : Event: ======'machine_reset_phase_3'====== Args={}
2025-01-19 15:52:29,354 : INFO : EventManager : Event: ======'reset_complete'====== Args={}
2025-01-19 15:52:29,354 : INFO : EventManager : Event: ======'mode_attract_will_start'====== Args={}
2025-01-19 15:52:29,355 : INFO : EventManager : Event: ======'mode_attract_starting'====== Args={}
2025-01-19 15:52:29,355 : INFO : Mode.attract : Started. Priority: 10
2025-01-19 15:52:29,355 : INFO : EventManager : Event: ======'modes_active_modes_changed'====== Args={}
2025-01-19 15:52:29,355 : INFO : EventManager : Event: ======'mode_attract_started'====== Args={}
2025-01-19 15:52:29,356 : INFO : EventManager : Event: ======'collecting_balls_complete'====== Args={}
2025-01-19 15:52:29,356 : INFO : Machine : Starting the main run loop with active modes: [<Mode.attract>]
2025-01-19 15:59:16,372 : INFO : Machine : Shutting down...
2025-01-19 15:59:16,372 : INFO : EventManager : Event: ======'shutdown'====== Args={}
2025-01-19 15:59:16,374 : INFO : root : MPF run loop ended.
